18:46:33 **** Incremental Build of configuration Debug for project 7segBirth ****
make all 
Building file: ../main.c
Invoking: AVR Compiler
avr-gcc -Wall -g2 -gstabs -O0 -fpack-struct -fshort-enums -ffunction-sections -fdata-sections -std=gnu99 -funsigned-char -funsigned-bitfields -mmcu=atmega32 -DF_CPU=8000000UL -MMD -MP -MF"main.d" -MT"main.o" -c -o "main.o" "../main.c"
../main.c:8:1: warning: "F_CPU" redefined
<command-line>: warning: this is the location of the previous definition
In file included from ../main.c:11:
d:/courses/parallel deploma/avr/imt_sdk_win_64/imt_sdk_win_64/winavr/lib/gcc/../../avr/include/util/delay.h:90:3: warning: #warning "Compiler optimizations disabled; functions from <util/delay.h> won't work as designed"
../main.c:13: warning: return type of 'main' is not 'int'
Finished building: ../main.c
 
Building target: 7segBirth.elf
Invoking: AVR C Linker
avr-gcc -Wl,-Map,7segBirth.map -mmcu=atmega32 -o "7segBirth.elf"  ./main.o   
Finished building target: 7segBirth.elf
 
Invoking: AVR Create Extended Listing
avr-objdump -h -S 7segBirth.elf  >"7segBirth.lss"
Finished building: 7segBirth.lss
 
Create Flash image (ihex format)
avr-objcopy -R .eeprom -R .fuse -R .lock -R .signature -O ihex 7segBirth.elf  "7segBirth.hex"
Finished building: 7segBirth.hex
 
Invoking: Print Size
avr-size --format=avr --mcu=atmega32 7segBirth.elf
AVR Memory Usage
----------------
Device: atmega32

Program:    3518 bytes (10.7% Full)
(.text + .data + .bootloader)

Data:          8 bytes (0.4% Full)
(.data + .bss + .noinit)


Finished building: sizedummy
 

18:46:34 Build Finished (took 860ms)

