23:09:08 **** Incremental Build of configuration Debug for project DCMOTOR_Hbridge ****
make all 
Building file: ../main.c
Invoking: AVR Compiler
avr-gcc -Wall -g2 -gstabs -O0 -fpack-struct -fshort-enums -ffunction-sections -fdata-sections -std=gnu99 -funsigned-char -funsigned-bitfields -mmcu=atmega32 -DF_CPU=8000000UL -MMD -MP -MF"main.d" -MT"main.o" -c -o "main.o" "../main.c"
In file included from ../main.c:11:
d:/courses/parallel deploma/avr/imt_sdk_win_64/imt_sdk_win_64/winavr/lib/gcc/../../avr/include/util/delay.h:90:3: warning: #warning "Compiler optimizations disabled; functions from <util/delay.h> won't work as designed"
../main.c:14: warning: return type of 'main' is not 'int'
Finished building: ../main.c
 
Building target: DCMOTOR_Hbridge.elf
Invoking: AVR C Linker
avr-gcc -Wl,-Map,DCMOTOR_Hbridge.map -mmcu=atmega32 -o "DCMOTOR_Hbridge.elf"  ./DIO_Program.o ./main.o   
Finished building target: DCMOTOR_Hbridge.elf
 
Invoking: AVR Create Extended Listing
avr-objdump -h -S DCMOTOR_Hbridge.elf  >"DCMOTOR_Hbridge.lss"
Finished building: DCMOTOR_Hbridge.lss
 
Create Flash image (ihex format)
avr-objcopy -R .eeprom -R .fuse -R .lock -R .signature -O ihex DCMOTOR_Hbridge.elf  "DCMOTOR_Hbridge.hex"
Finished building: DCMOTOR_Hbridge.hex
 
Invoking: Print Size
avr-size --format=avr --mcu=atmega32 DCMOTOR_Hbridge.elf
AVR Memory Usage
----------------
Device: atmega32

Program:    5032 bytes (15.4% Full)
(.text + .data + .bootloader)

Data:          8 bytes (0.4% Full)
(.data + .bss + .noinit)


Finished building: sizedummy
 

23:09:09 Build Finished (took 610ms)

