11:51:39 **** Build of configuration Debug for project firstProject ****
make all 
Building file: ../main.c
Invoking: AVR Compiler
avr-gcc -Wall -g2 -gstabs -O0 -fpack-struct -fshort-enums -ffunction-sections -fdata-sections -std=gnu99 -funsigned-char -funsigned-bitfields -mmcu=atmega32 -DF_CPU=8000000UL -MMD -MP -MF"main.d" -MT"main.o" -c -o "main.o" "../main.c"
../main.c:10: warning: return type of 'main' is not 'int'
Finished building: ../main.c
 
Building target: firstProject.elf
Invoking: AVR C Linker
avr-gcc -Wl,-Map,firstProject.map -mmcu=atmega32 -o "firstProject.elf"  ./main.o   
Finished building target: firstProject.elf
 
Invoking: AVR Create Extended Listing
avr-objdump -h -S firstProject.elf  >"firstProject.lss"
Finished building: firstProject.lss
 
Create Flash image (ihex format)
avr-objcopy -R .eeprom -R .fuse -R .lock -R .signature -O ihex firstProject.elf  "firstProject.hex"
Finished building: firstProject.hex
 
Invoking: Print Size
avr-size --format=avr --mcu=atmega32 firstProject.elf
AVR Memory Usage
----------------
Device: atmega32

Program:     142 bytes (0.4% Full)
(.text + .data + .bootloader)

Data:          0 bytes (0.0% Full)
(.data + .bss + .noinit)


Finished building: sizedummy
 
12:33:37 **** Incremental Build of configuration Debug for project firstProject ****
make all 
Building file: ../main.c
Invoking: AVR Compiler
avr-gcc -Wall -g2 -gstabs -O0 -fpack-struct -fshort-enums -ffunction-sections -fdata-sections -std=gnu99 -funsigned-char -funsigned-bitfields -mmcu=atmega32 -DF_CPU=8000000UL -MMD -MP -MF"main.d" -MT"main.o" -c -o "main.o" "../main.c"
../main.c:9:24: warning: utile/delay.h: No such file or directory
../main.c:10: warning: return type of 'main' is not 'int'
../main.c: In function 'main':
../main.c:13: warning: implicit declaration of function '_delay_ms'
Finished building: ../main.c
 
Building target: firstProject.elf
Invoking: AVR C Linker
avr-gcc -Wl,-Map,firstProject.map -mmcu=atmega32 -o "firstProject.elf"  ./main.o   
./main.o: In function `main':
../main.c:13: undefined reference to `_delay_ms'
../main.c:15: undefined reference to `_delay_ms'
make: *** [firstProject.elf] Error 1
12:34:29 **** Incremental Build of configuration Debug for project firstProject ****
make all 
Building file: ../main.c
Invoking: AVR Compiler
avr-gcc -Wall -g2 -gstabs -O0 -fpack-struct -fshort-enums -ffunction-sections -fdata-sections -std=gnu99 -funsigned-char -funsigned-bitfields -mmcu=atmega32 -DF_CPU=8000000UL -MMD -MP -MF"main.d" -MT"main.o" -c -o "main.o" "../main.c"
In file included from ../main.c:9:
d:/courses/parallel deploma/avr/imt_sdk_win_64/imt_sdk_win_64/winavr/lib/gcc/../../avr/include/util/delay.h:90:3: warning: #warning "Compiler optimizations disabled; functions from <util/delay.h> won't work as designed"
../main.c:10: warning: return type of 'main' is not 'int'
Finished building: ../main.c
 
Building target: firstProject.elf
Invoking: AVR C Linker
avr-gcc -Wl,-Map,firstProject.map -mmcu=atmega32 -o "firstProject.elf"  ./main.o   
Finished building target: firstProject.elf
 
Invoking: AVR Create Extended Listing
avr-objdump -h -S firstProject.elf  >"firstProject.lss"
Finished building: firstProject.lss
 
Create Flash image (ihex format)
avr-objcopy -R .eeprom -R .fuse -R .lock -R .signature -O ihex firstProject.elf  "firstProject.hex"
Finished building: firstProject.hex
 
Invoking: Print Size
avr-size --format=avr --mcu=atmega32 firstProject.elf
AVR Memory Usage
----------------
Device: atmega32

Program:    3502 bytes (10.7% Full)
(.text + .data + .bootloader)

Data:          8 bytes (0.4% Full)
(.data + .bss + .noinit)


Finished building: sizedummy
 
12:37:55 **** Incremental Build of configuration Debug for project firstProject ****
make all 
Building file: ../main.c
Invoking: AVR Compiler
avr-gcc -Wall -g2 -gstabs -O0 -fpack-struct -fshort-enums -ffunction-sections -fdata-sections -std=gnu99 -funsigned-char -funsigned-bitfields -mmcu=atmega32 -DF_CPU=8000000UL -MMD -MP -MF"main.d" -MT"main.o" -c -o "main.o" "../main.c"
../main.c:8:1: warning: "F_CPU" redefined
<command-line>: warning: this is the location of the previous definition
In file included from ../main.c:11:
d:/courses/parallel deploma/avr/imt_sdk_win_64/imt_sdk_win_64/winavr/lib/gcc/../../avr/include/util/delay.h:90:3: warning: #warning "Compiler optimizations disabled; functions from <util/delay.h> won't work as designed"
../main.c:13: warning: return type of 'main' is not 'int'
Finished building: ../main.c
 
Building target: firstProject.elf
Invoking: AVR C Linker
avr-gcc -Wl,-Map,firstProject.map -mmcu=atmega32 -o "firstProject.elf"  ./main.o   
Finished building target: firstProject.elf
 
Invoking: AVR Create Extended Listing
avr-objdump -h -S firstProject.elf  >"firstProject.lss"
Finished building: firstProject.lss
 
Create Flash image (ihex format)
avr-objcopy -R .eeprom -R .fuse -R .lock -R .signature -O ihex firstProject.elf  "firstProject.hex"
Finished building: firstProject.hex
 
Invoking: Print Size
avr-size --format=avr --mcu=atmega32 firstProject.elf
AVR Memory Usage
----------------
Device: atmega32

Program:    3494 bytes (10.7% Full)
(.text + .data + .bootloader)

Data:          8 bytes (0.4% Full)
(.data + .bss + .noinit)


Finished building: sizedummy
 
12:43:48 **** Incremental Build of configuration Debug for project firstProject ****
make all 
Building file: ../main.c
Invoking: AVR Compiler
avr-gcc -Wall -g2 -gstabs -O0 -fpack-struct -fshort-enums -ffunction-sections -fdata-sections -std=gnu99 -funsigned-char -funsigned-bitfields -mmcu=atmega32 -DF_CPU=8000000UL -MMD -MP -MF"main.d" -MT"main.o" -c -o "main.o" "../main.c"
../main.c:8:1: warning: "F_CPU" redefined
<command-line>: warning: this is the location of the previous definition
In file included from ../main.c:11:
d:/courses/parallel deploma/avr/imt_sdk_win_64/imt_sdk_win_64/winavr/lib/gcc/../../avr/include/util/delay.h:90:3: warning: #warning "Compiler optimizations disabled; functions from <util/delay.h> won't work as designed"
../main.c:13: warning: return type of 'main' is not 'int'
Finished building: ../main.c
 
Building target: firstProject.elf
Invoking: AVR C Linker
avr-gcc -Wl,-Map,firstProject.map -mmcu=atmega32 -o "firstProject.elf"  ./main.o   
Finished building target: firstProject.elf
 
Invoking: AVR Create Extended Listing
avr-objdump -h -S firstProject.elf  >"firstProject.lss"
Finished building: firstProject.lss
 
Create Flash image (ihex format)
avr-objcopy -R .eeprom -R .fuse -R .lock -R .signature -O ihex firstProject.elf  "firstProject.hex"
Finished building: firstProject.hex
 
Invoking: Print Size
avr-size --format=avr --mcu=atmega32 firstProject.elf
AVR Memory Usage
----------------
Device: atmega32

Program:    3492 bytes (10.7% Full)
(.text + .data + .bootloader)

Data:          8 bytes (0.4% Full)
(.data + .bss + .noinit)


Finished building: sizedummy
 
13:15:53 **** Incremental Build of configuration Debug for project firstProject ****
make all 
Invoking: Print Size
avr-size --format=avr --mcu=atmega32 firstProject.elf
AVR Memory Usage
----------------
Device: atmega32

Program:    3492 bytes (10.7% Full)
(.text + .data + .bootloader)

Data:          8 bytes (0.4% Full)
(.data + .bss + .noinit)


Finished building: sizedummy
 
13:15:54 **** Build of configuration Debug for project ledAnimation ****
make all 
Building file: ../main.c
Invoking: AVR Compiler
avr-gcc -Wall -g2 -gstabs -O0 -fpack-struct -fshort-enums -ffunction-sections -fdata-sections -std=gnu99 -funsigned-char -funsigned-bitfields -mmcu=atmega32 -DF_CPU=8000000UL -MMD -MP -MF"main.d" -MT"main.o" -c -o "main.o" "../main.c"
../main.c:8:1: warning: "F_CPU" redefined
<command-line>: warning: this is the location of the previous definition
In file included from ../main.c:11:
d:/courses/parallel deploma/avr/imt_sdk_win_64/imt_sdk_win_64/winavr/lib/gcc/../../avr/include/util/delay.h:90:3: warning: #warning "Compiler optimizations disabled; functions from <util/delay.h> won't work as designed"
../main.c:13: warning: return type of 'main' is not 'int'
Finished building: ../main.c
 
Building target: ledAnimation.elf
Invoking: AVR C Linker
avr-gcc -Wl,-Map,ledAnimation.map -mmcu=atmega32 -o "ledAnimation.elf"  ./main.o   
Finished building target: ledAnimation.elf
 
Invoking: AVR Create Extended Listing
avr-objdump -h -S ledAnimation.elf  >"ledAnimation.lss"
Finished building: ledAnimation.lss
 
Create Flash image (ihex format)
avr-objcopy -R .eeprom -R .fuse -R .lock -R .signature -O ihex ledAnimation.elf  "ledAnimation.hex"
Finished building: ledAnimation.hex
 
Invoking: Print Size
avr-size --format=avr --mcu=atmega32 ledAnimation.elf
AVR Memory Usage
----------------
Device: atmega32

Program:    5344 bytes (16.3% Full)
(.text + .data + .bootloader)

Data:          8 bytes (0.4% Full)
(.data + .bss + .noinit)


Finished building: sizedummy
 
13:21:15 **** Incremental Build of configuration Debug for project firstProject ****
make all 
Invoking: Print Size
avr-size --format=avr --mcu=atmega32 firstProject.elf
AVR Memory Usage
----------------
Device: atmega32

Program:    3492 bytes (10.7% Full)
(.text + .data + .bootloader)

Data:          8 bytes (0.4% Full)
(.data + .bss + .noinit)


Finished building: sizedummy
 
13:21:15 **** Incremental Build of configuration Debug for project ledAnimation ****
make all 
Building file: ../main.c
Invoking: AVR Compiler
avr-gcc -Wall -g2 -gstabs -O0 -fpack-struct -fshort-enums -ffunction-sections -fdata-sections -std=gnu99 -funsigned-char -funsigned-bitfields -mmcu=atmega32 -DF_CPU=8000000UL -MMD -MP -MF"main.d" -MT"main.o" -c -o "main.o" "../main.c"
../main.c:8:1: warning: "F_CPU" redefined
<command-line>: warning: this is the location of the previous definition
In file included from ../main.c:11:
d:/courses/parallel deploma/avr/imt_sdk_win_64/imt_sdk_win_64/winavr/lib/gcc/../../avr/include/util/delay.h:90:3: warning: #warning "Compiler optimizations disabled; functions from <util/delay.h> won't work as designed"
../main.c:13: warning: return type of 'main' is not 'int'
Finished building: ../main.c
 
Building target: ledAnimation.elf
Invoking: AVR C Linker
avr-gcc -Wl,-Map,ledAnimation.map -mmcu=atmega32 -o "ledAnimation.elf"  ./main.o   
Finished building target: ledAnimation.elf
 
Invoking: AVR Create Extended Listing
avr-objdump -h -S ledAnimation.elf  >"ledAnimation.lss"
Finished building: ledAnimation.lss
 
Create Flash image (ihex format)
avr-objcopy -R .eeprom -R .fuse -R .lock -R .signature -O ihex ledAnimation.elf  "ledAnimation.hex"
Finished building: ledAnimation.hex
 
Invoking: Print Size
avr-size --format=avr --mcu=atmega32 ledAnimation.elf
AVR Memory Usage
----------------
Device: atmega32

Program:    5344 bytes (16.3% Full)
(.text + .data + .bootloader)

Data:          8 bytes (0.4% Full)
(.data + .bss + .noinit)


Finished building: sizedummy
 
13:22:47 **** Incremental Build of configuration Debug for project firstProject ****
make all 
Invoking: Print Size
avr-size --format=avr --mcu=atmega32 firstProject.elf
AVR Memory Usage
----------------
Device: atmega32

Program:    3492 bytes (10.7% Full)
(.text + .data + .bootloader)

Data:          8 bytes (0.4% Full)
(.data + .bss + .noinit)


Finished building: sizedummy
 
13:22:47 **** Incremental Build of configuration Debug for project ledAnimation ****
make all 
Building file: ../main.c
Invoking: AVR Compiler
avr-gcc -Wall -g2 -gstabs -O0 -fpack-struct -fshort-enums -ffunction-sections -fdata-sections -std=gnu99 -funsigned-char -funsigned-bitfields -mmcu=atmega32 -DF_CPU=8000000UL -MMD -MP -MF"main.d" -MT"main.o" -c -o "main.o" "../main.c"
../main.c:8:1: warning: "F_CPU" redefined
<command-line>: warning: this is the location of the previous definition
In file included from ../main.c:11:
d:/courses/parallel deploma/avr/imt_sdk_win_64/imt_sdk_win_64/winavr/lib/gcc/../../avr/include/util/delay.h:90:3: warning: #warning "Compiler optimizations disabled; functions from <util/delay.h> won't work as designed"
../main.c:13: warning: return type of 'main' is not 'int'
Finished building: ../main.c
 
Building target: ledAnimation.elf
Invoking: AVR C Linker
avr-gcc -Wl,-Map,ledAnimation.map -mmcu=atmega32 -o "ledAnimation.elf"  ./main.o   
Finished building target: ledAnimation.elf
 
Invoking: AVR Create Extended Listing
avr-objdump -h -S ledAnimation.elf  >"ledAnimation.lss"
Finished building: ledAnimation.lss
 
Create Flash image (ihex format)
avr-objcopy -R .eeprom -R .fuse -R .lock -R .signature -O ihex ledAnimation.elf  "ledAnimation.hex"
Finished building: ledAnimation.hex
 
Invoking: Print Size
avr-size --format=avr --mcu=atmega32 ledAnimation.elf
AVR Memory Usage
----------------
Device: atmega32

Program:    5710 bytes (17.4% Full)
(.text + .data + .bootloader)

Data:          8 bytes (0.4% Full)
(.data + .bss + .noinit)


Finished building: sizedummy
 
17:07:44 **** Build of configuration Debug for project 7segCount ****
make all 
Building file: ../main.c
Invoking: AVR Compiler
avr-gcc -Wall -g2 -gstabs -O0 -fpack-struct -fshort-enums -ffunction-sections -fdata-sections -std=gnu99 -funsigned-char -funsigned-bitfields -mmcu=atmega32 -DF_CPU=8000000UL -MMD -MP -MF"main.d" -MT"main.o" -c -o "main.o" "../main.c"
../main.c:8:1: warning: "F_CPU" redefined
<command-line>: warning: this is the location of the previous definition
In file included from ../main.c:11:
d:/courses/parallel deploma/avr/imt_sdk_win_64/imt_sdk_win_64/winavr/lib/gcc/../../avr/include/util/delay.h:90:3: warning: #warning "Compiler optimizations disabled; functions from <util/delay.h> won't work as designed"
../main.c:13: warning: return type of 'main' is not 'int'
Finished building: ../main.c
 
Building target: 7segCount.elf
Invoking: AVR C Linker
avr-gcc -Wl,-Map,7segCount.map -mmcu=atmega32 -o "7segCount.elf"  ./main.o   
Finished building target: 7segCount.elf
 
Invoking: AVR Create Extended Listing
avr-objdump -h -S 7segCount.elf  >"7segCount.lss"
Finished building: 7segCount.lss
 
Create Flash image (ihex format)
avr-objcopy -R .eeprom -R .fuse -R .lock -R .signature -O ihex 7segCount.elf  "7segCount.hex"
Finished building: 7segCount.hex
 
Invoking: Print Size
avr-size --format=avr --mcu=atmega32 7segCount.elf
AVR Memory Usage
----------------
Device: atmega32

Program:    3492 bytes (10.7% Full)
(.text + .data + .bootloader)

Data:          8 bytes (0.4% Full)
(.data + .bss + .noinit)


Finished building: sizedummy
 
17:07:50 **** Incremental Build of configuration Debug for project firstProject ****
make all 
Invoking: Print Size
avr-size --format=avr --mcu=atmega32 firstProject.elf
AVR Memory Usage
----------------
Device: atmega32

Program:    3492 bytes (10.7% Full)
(.text + .data + .bootloader)

Data:          8 bytes (0.4% Full)
(.data + .bss + .noinit)


Finished building: sizedummy
 
17:07:51 **** Incremental Build of configuration Debug for project ledAnimation ****
make all 
Invoking: Print Size
avr-size --format=avr --mcu=atmega32 ledAnimation.elf
AVR Memory Usage
----------------
Device: atmega32

Program:    5710 bytes (17.4% Full)
(.text + .data + .bootloader)

Data:          8 bytes (0.4% Full)
(.data + .bss + .noinit)


Finished building: sizedummy
 
17:12:14 **** Incremental Build of configuration Debug for project 7segCount ****
make all 
Building file: ../main.c
Invoking: AVR Compiler
avr-gcc -Wall -g2 -gstabs -O0 -fpack-struct -fshort-enums -ffunction-sections -fdata-sections -std=gnu99 -funsigned-char -funsigned-bitfields -mmcu=atmega32 -DF_CPU=8000000UL -MMD -MP -MF"main.d" -MT"main.o" -c -o "main.o" "../main.c"
../main.c:8:1: warning: "F_CPU" redefined
<command-line>: warning: this is the location of the previous definition
In file included from ../main.c:11:
d:/courses/parallel deploma/avr/imt_sdk_win_64/imt_sdk_win_64/winavr/lib/gcc/../../avr/include/util/delay.h:90:3: warning: #warning "Compiler optimizations disabled; functions from <util/delay.h> won't work as designed"
../main.c:13: warning: return type of 'main' is not 'int'
Finished building: ../main.c
 
Building target: 7segCount.elf
Invoking: AVR C Linker
avr-gcc -Wl,-Map,7segCount.map -mmcu=atmega32 -o "7segCount.elf"  ./main.o   
Finished building target: 7segCount.elf
 
Invoking: AVR Create Extended Listing
avr-objdump -h -S 7segCount.elf  >"7segCount.lss"
Finished building: 7segCount.lss
 
Create Flash image (ihex format)
avr-objcopy -R .eeprom -R .fuse -R .lock -R .signature -O ihex 7segCount.elf  "7segCount.hex"
Finished building: 7segCount.hex
 
Invoking: Print Size
avr-size --format=avr --mcu=atmega32 7segCount.elf
AVR Memory Usage
----------------
Device: atmega32

Program:    6076 bytes (18.5% Full)
(.text + .data + .bootloader)

Data:          8 bytes (0.4% Full)
(.data + .bss + .noinit)


Finished building: sizedummy
 
17:12:16 **** Incremental Build of configuration Debug for project firstProject ****
make all 
Invoking: Print Size
avr-size --format=avr --mcu=atmega32 firstProject.elf
AVR Memory Usage
----------------
Device: atmega32

Program:    3492 bytes (10.7% Full)
(.text + .data + .bootloader)

Data:          8 bytes (0.4% Full)
(.data + .bss + .noinit)


Finished building: sizedummy
 
17:12:17 **** Incremental Build of configuration Debug for project ledAnimation ****
make all 
Invoking: Print Size
avr-size --format=avr --mcu=atmega32 ledAnimation.elf
AVR Memory Usage
----------------
Device: atmega32

Program:    5710 bytes (17.4% Full)
(.text + .data + .bootloader)

Data:          8 bytes (0.4% Full)
(.data + .bss + .noinit)


Finished building: sizedummy
 
17:23:27 **** Incremental Build of configuration Debug for project 7segCount ****
make all 
Building file: ../main.c
Invoking: AVR Compiler
avr-gcc -Wall -g2 -gstabs -O0 -fpack-struct -fshort-enums -ffunction-sections -fdata-sections -std=gnu99 -funsigned-char -funsigned-bitfields -mmcu=atmega32 -DF_CPU=8000000UL -MMD -MP -MF"main.d" -MT"main.o" -c -o "main.o" "../main.c"
../main.c:8:1: warning: "F_CPU" redefined
<command-line>: warning: this is the location of the previous definition
In file included from ../main.c:11:
d:/courses/parallel deploma/avr/imt_sdk_win_64/imt_sdk_win_64/winavr/lib/gcc/../../avr/include/util/delay.h:90:3: warning: #warning "Compiler optimizations disabled; functions from <util/delay.h> won't work as designed"
../main.c:13: warning: return type of 'main' is not 'int'
Finished building: ../main.c
 
Building target: 7segCount.elf
Invoking: AVR C Linker
avr-gcc -Wl,-Map,7segCount.map -mmcu=atmega32 -o "7segCount.elf"  ./main.o   
Finished building target: 7segCount.elf
 
Invoking: AVR Create Extended Listing
avr-objdump -h -S 7segCount.elf  >"7segCount.lss"
Finished building: 7segCount.lss
 
Create Flash image (ihex format)
avr-objcopy -R .eeprom -R .fuse -R .lock -R .signature -O ihex 7segCount.elf  "7segCount.hex"
Finished building: 7segCount.hex
 
Invoking: Print Size
avr-size --format=avr --mcu=atmega32 7segCount.elf
AVR Memory Usage
----------------
Device: atmega32

Program:    6076 bytes (18.5% Full)
(.text + .data + .bootloader)

Data:          8 bytes (0.4% Full)
(.data + .bss + .noinit)


Finished building: sizedummy
 
17:23:28 **** Incremental Build of configuration Debug for project firstProject ****
make all 
Invoking: Print Size
avr-size --format=avr --mcu=atmega32 firstProject.elf
AVR Memory Usage
----------------
Device: atmega32

Program:    3492 bytes (10.7% Full)
(.text + .data + .bootloader)

Data:          8 bytes (0.4% Full)
(.data + .bss + .noinit)


Finished building: sizedummy
 
17:23:28 **** Incremental Build of configuration Debug for project ledAnimation ****
make all 
Invoking: Print Size
avr-size --format=avr --mcu=atmega32 ledAnimation.elf
AVR Memory Usage
----------------
Device: atmega32

Program:    5710 bytes (17.4% Full)
(.text + .data + .bootloader)

Data:          8 bytes (0.4% Full)
(.data + .bss + .noinit)


Finished building: sizedummy
 
17:52:26 **** Build of configuration Debug for project 7segBirth ****
make all 
Building file: ../main.c
Invoking: AVR Compiler
avr-gcc -Wall -g2 -gstabs -O0 -fpack-struct -fshort-enums -ffunction-sections -fdata-sections -std=gnu99 -funsigned-char -funsigned-bitfields -mmcu=atmega32 -DF_CPU=8000000UL -MMD -MP -MF"main.d" -MT"main.o" -c -o "main.o" "../main.c"
../main.c:8:1: warning: "F_CPU" redefined
<command-line>: warning: this is the location of the previous definition
In file included from ../main.c:11:
d:/courses/parallel deploma/avr/imt_sdk_win_64/imt_sdk_win_64/winavr/lib/gcc/../../avr/include/util/delay.h:90:3: warning: #warning "Compiler optimizations disabled; functions from <util/delay.h> won't work as designed"
../main.c:13: warning: return type of 'main' is not 'int'
Finished building: ../main.c
 
Building target: 7segBirth.elf
Invoking: AVR C Linker
avr-gcc -Wl,-Map,7segBirth.map -mmcu=atmega32 -o "7segBirth.elf"  ./main.o   
Finished building target: 7segBirth.elf
 
Invoking: AVR Create Extended Listing
avr-objdump -h -S 7segBirth.elf  >"7segBirth.lss"
Finished building: 7segBirth.lss
 
Create Flash image (ihex format)
avr-objcopy -R .eeprom -R .fuse -R .lock -R .signature -O ihex 7segBirth.elf  "7segBirth.hex"
Finished building: 7segBirth.hex
 
Invoking: Print Size
avr-size --format=avr --mcu=atmega32 7segBirth.elf
AVR Memory Usage
----------------
Device: atmega32

Program:    3518 bytes (10.7% Full)
(.text + .data + .bootloader)

Data:          8 bytes (0.4% Full)
(.data + .bss + .noinit)


Finished building: sizedummy
 
17:52:27 **** Incremental Build of configuration Debug for project 7segCount ****
make all 
Invoking: Print Size
avr-size --format=avr --mcu=atmega32 7segCount.elf
AVR Memory Usage
----------------
Device: atmega32

Program:    6076 bytes (18.5% Full)
(.text + .data + .bootloader)

Data:          8 bytes (0.4% Full)
(.data + .bss + .noinit)


Finished building: sizedummy
 
17:52:27 **** Incremental Build of configuration Debug for project firstProject ****
make all 
Invoking: Print Size
avr-size --format=avr --mcu=atmega32 firstProject.elf
AVR Memory Usage
----------------
Device: atmega32

Program:    3492 bytes (10.7% Full)
(.text + .data + .bootloader)

Data:          8 bytes (0.4% Full)
(.data + .bss + .noinit)


Finished building: sizedummy
 
17:52:27 **** Incremental Build of configuration Debug for project ledAnimation ****
make all 
Invoking: Print Size
avr-size --format=avr --mcu=atmega32 ledAnimation.elf
AVR Memory Usage
----------------
Device: atmega32

Program:    5710 bytes (17.4% Full)
(.text + .data + .bootloader)

Data:          8 bytes (0.4% Full)
(.data + .bss + .noinit)


Finished building: sizedummy
 
17:54:58 **** Incremental Build of configuration Debug for project 7segBirth ****
make all 
Building file: ../main.c
Invoking: AVR Compiler
avr-gcc -Wall -g2 -gstabs -O0 -fpack-struct -fshort-enums -ffunction-sections -fdata-sections -std=gnu99 -funsigned-char -funsigned-bitfields -mmcu=atmega32 -DF_CPU=8000000UL -MMD -MP -MF"main.d" -MT"main.o" -c -o "main.o" "../main.c"
../main.c:8:1: warning: "F_CPU" redefined
<command-line>: warning: this is the location of the previous definition
In file included from ../main.c:11:
d:/courses/parallel deploma/avr/imt_sdk_win_64/imt_sdk_win_64/winavr/lib/gcc/../../avr/include/util/delay.h:90:3: warning: #warning "Compiler optimizations disabled; functions from <util/delay.h> won't work as designed"
../main.c:13: warning: return type of 'main' is not 'int'
Finished building: ../main.c
 
Building target: 7segBirth.elf
Invoking: AVR C Linker
avr-gcc -Wl,-Map,7segBirth.map -mmcu=atmega32 -o "7segBirth.elf"  ./main.o   
Finished building target: 7segBirth.elf
 
Invoking: AVR Create Extended Listing
avr-objdump -h -S 7segBirth.elf  >"7segBirth.lss"
Finished building: 7segBirth.lss
 
Create Flash image (ihex format)
avr-objcopy -R .eeprom -R .fuse -R .lock -R .signature -O ihex 7segBirth.elf  "7segBirth.hex"
Finished building: 7segBirth.hex
 
Invoking: Print Size
avr-size --format=avr --mcu=atmega32 7segBirth.elf
AVR Memory Usage
----------------
Device: atmega32

Program:    3502 bytes (10.7% Full)
(.text + .data + .bootloader)

Data:          8 bytes (0.4% Full)
(.data + .bss + .noinit)


Finished building: sizedummy
 
17:54:59 **** Incremental Build of configuration Debug for project 7segCount ****
make all 
Invoking: Print Size
avr-size --format=avr --mcu=atmega32 7segCount.elf
AVR Memory Usage
----------------
Device: atmega32

Program:    6076 bytes (18.5% Full)
(.text + .data + .bootloader)

Data:          8 bytes (0.4% Full)
(.data + .bss + .noinit)


Finished building: sizedummy
 
17:54:59 **** Incremental Build of configuration Debug for project firstProject ****
make all 
Invoking: Print Size
avr-size --format=avr --mcu=atmega32 firstProject.elf
AVR Memory Usage
----------------
Device: atmega32

Program:    3492 bytes (10.7% Full)
(.text + .data + .bootloader)

Data:          8 bytes (0.4% Full)
(.data + .bss + .noinit)


Finished building: sizedummy
 
17:54:59 **** Incremental Build of configuration Debug for project ledAnimation ****
make all 
Invoking: Print Size
avr-size --format=avr --mcu=atmega32 ledAnimation.elf
AVR Memory Usage
----------------
Device: atmega32

Program:    5710 bytes (17.4% Full)
(.text + .data + .bootloader)

Data:          8 bytes (0.4% Full)
(.data + .bss + .noinit)


Finished building: sizedummy
 
17:55:52 **** Incremental Build of configuration Debug for project 7segBirth ****
make all 
Building file: ../main.c
Invoking: AVR Compiler
avr-gcc -Wall -g2 -gstabs -O0 -fpack-struct -fshort-enums -ffunction-sections -fdata-sections -std=gnu99 -funsigned-char -funsigned-bitfields -mmcu=atmega32 -DF_CPU=8000000UL -MMD -MP -MF"main.d" -MT"main.o" -c -o "main.o" "../main.c"
../main.c:8:1: warning: "F_CPU" redefined
<command-line>: warning: this is the location of the previous definition
In file included from ../main.c:11:
d:/courses/parallel deploma/avr/imt_sdk_win_64/imt_sdk_win_64/winavr/lib/gcc/../../avr/include/util/delay.h:90:3: warning: #warning "Compiler optimizations disabled; functions from <util/delay.h> won't work as designed"
../main.c:13: warning: return type of 'main' is not 'int'
Finished building: ../main.c
 
Building target: 7segBirth.elf
Invoking: AVR C Linker
avr-gcc -Wl,-Map,7segBirth.map -mmcu=atmega32 -o "7segBirth.elf"  ./main.o   
Finished building target: 7segBirth.elf
 
Invoking: AVR Create Extended Listing
avr-objdump -h -S 7segBirth.elf  >"7segBirth.lss"
Finished building: 7segBirth.lss
 
Create Flash image (ihex format)
avr-objcopy -R .eeprom -R .fuse -R .lock -R .signature -O ihex 7segBirth.elf  "7segBirth.hex"
Finished building: 7segBirth.hex
 
Invoking: Print Size
avr-size --format=avr --mcu=atmega32 7segBirth.elf
AVR Memory Usage
----------------
Device: atmega32

Program:    3502 bytes (10.7% Full)
(.text + .data + .bootloader)

Data:          8 bytes (0.4% Full)
(.data + .bss + .noinit)


Finished building: sizedummy
 
17:55:53 **** Incremental Build of configuration Debug for project 7segCount ****
make all 
Invoking: Print Size
avr-size --format=avr --mcu=atmega32 7segCount.elf
AVR Memory Usage
----------------
Device: atmega32

Program:    6076 bytes (18.5% Full)
(.text + .data + .bootloader)

Data:          8 bytes (0.4% Full)
(.data + .bss + .noinit)


Finished building: sizedummy
 
17:55:53 **** Incremental Build of configuration Debug for project firstProject ****
make all 
Invoking: Print Size
avr-size --format=avr --mcu=atmega32 firstProject.elf
AVR Memory Usage
----------------
Device: atmega32

Program:    3492 bytes (10.7% Full)
(.text + .data + .bootloader)

Data:          8 bytes (0.4% Full)
(.data + .bss + .noinit)


Finished building: sizedummy
 
17:55:53 **** Incremental Build of configuration Debug for project ledAnimation ****
make all 
Invoking: Print Size
avr-size --format=avr --mcu=atmega32 ledAnimation.elf
AVR Memory Usage
----------------
Device: atmega32

Program:    5710 bytes (17.4% Full)
(.text + .data + .bootloader)

Data:          8 bytes (0.4% Full)
(.data + .bss + .noinit)


Finished building: sizedummy
 
18:05:13 **** Incremental Build of configuration Debug for project 7segBirth ****
make all 
Building file: ../main.c
Invoking: AVR Compiler
avr-gcc -Wall -g2 -gstabs -O0 -fpack-struct -fshort-enums -ffunction-sections -fdata-sections -std=gnu99 -funsigned-char -funsigned-bitfields -mmcu=atmega32 -DF_CPU=8000000UL -MMD -MP -MF"main.d" -MT"main.o" -c -o "main.o" "../main.c"
../main.c:8:1: warning: "F_CPU" redefined
<command-line>: warning: this is the location of the previous definition
In file included from ../main.c:11:
d:/courses/parallel deploma/avr/imt_sdk_win_64/imt_sdk_win_64/winavr/lib/gcc/../../avr/include/util/delay.h:90:3: warning: #warning "Compiler optimizations disabled; functions from <util/delay.h> won't work as designed"
../main.c:13: warning: return type of 'main' is not 'int'
Finished building: ../main.c
 
Building target: 7segBirth.elf
Invoking: AVR C Linker
avr-gcc -Wl,-Map,7segBirth.map -mmcu=atmega32 -o "7segBirth.elf"  ./main.o   
Finished building target: 7segBirth.elf
 
Invoking: AVR Create Extended Listing
avr-objdump -h -S 7segBirth.elf  >"7segBirth.lss"
Finished building: 7segBirth.lss
 
Create Flash image (ihex format)
avr-objcopy -R .eeprom -R .fuse -R .lock -R .signature -O ihex 7segBirth.elf  "7segBirth.hex"
Finished building: 7segBirth.hex
 
Invoking: Print Size
avr-size --format=avr --mcu=atmega32 7segBirth.elf
AVR Memory Usage
----------------
Device: atmega32

Program:    3518 bytes (10.7% Full)
(.text + .data + .bootloader)

Data:          8 bytes (0.4% Full)
(.data + .bss + .noinit)


Finished building: sizedummy
 
18:05:14 **** Incremental Build of configuration Debug for project 7segCount ****
make all 
Invoking: Print Size
avr-size --format=avr --mcu=atmega32 7segCount.elf
AVR Memory Usage
----------------
Device: atmega32

Program:    6076 bytes (18.5% Full)
(.text + .data + .bootloader)

Data:          8 bytes (0.4% Full)
(.data + .bss + .noinit)


Finished building: sizedummy
 
18:05:15 **** Incremental Build of configuration Debug for project firstProject ****
make all 
Invoking: Print Size
avr-size --format=avr --mcu=atmega32 firstProject.elf
AVR Memory Usage
----------------
Device: atmega32

Program:    3492 bytes (10.7% Full)
(.text + .data + .bootloader)

Data:          8 bytes (0.4% Full)
(.data + .bss + .noinit)


Finished building: sizedummy
 
18:05:15 **** Incremental Build of configuration Debug for project ledAnimation ****
make all 
Invoking: Print Size
avr-size --format=avr --mcu=atmega32 ledAnimation.elf
AVR Memory Usage
----------------
Device: atmega32

Program:    5710 bytes (17.4% Full)
(.text + .data + .bootloader)

Data:          8 bytes (0.4% Full)
(.data + .bss + .noinit)


Finished building: sizedummy
 
18:11:18 **** Incremental Build of configuration Debug for project 7segBirth ****
make all 
Invoking: Print Size
avr-size --format=avr --mcu=atmega32 7segBirth.elf
AVR Memory Usage
----------------
Device: atmega32

Program:    3518 bytes (10.7% Full)
(.text + .data + .bootloader)

Data:          8 bytes (0.4% Full)
(.data + .bss + .noinit)


Finished building: sizedummy
 
18:11:18 **** Incremental Build of configuration Debug for project 7segCount ****
make all 
Invoking: Print Size
avr-size --format=avr --mcu=atmega32 7segCount.elf
AVR Memory Usage
----------------
Device: atmega32

Program:    6076 bytes (18.5% Full)
(.text + .data + .bootloader)

Data:          8 bytes (0.4% Full)
(.data + .bss + .noinit)


Finished building: sizedummy
 
18:11:19 **** Incremental Build of configuration Debug for project firstProject ****
make all 
Invoking: Print Size
avr-size --format=avr --mcu=atmega32 firstProject.elf
AVR Memory Usage
----------------
Device: atmega32

Program:    3492 bytes (10.7% Full)
(.text + .data + .bootloader)

Data:          8 bytes (0.4% Full)
(.data + .bss + .noinit)


Finished building: sizedummy
 
18:11:19 **** Incremental Build of configuration Debug for project ledAnimation ****
make all 
Invoking: Print Size
avr-size --format=avr --mcu=atmega32 ledAnimation.elf
AVR Memory Usage
----------------
Device: atmega32

Program:    5710 bytes (17.4% Full)
(.text + .data + .bootloader)

Data:          8 bytes (0.4% Full)
(.data + .bss + .noinit)


Finished building: sizedummy
 
18:11:55 **** Incremental Build of configuration Debug for project 7segBirth ****
make all 
Building file: ../main.c
Invoking: AVR Compiler
avr-gcc -Wall -g2 -gstabs -O0 -fpack-struct -fshort-enums -ffunction-sections -fdata-sections -std=gnu99 -funsigned-char -funsigned-bitfields -mmcu=atmega32 -DF_CPU=8000000UL -MMD -MP -MF"main.d" -MT"main.o" -c -o "main.o" "../main.c"
../main.c:8:1: warning: "F_CPU" redefined
<command-line>: warning: this is the location of the previous definition
In file included from ../main.c:11:
d:/courses/parallel deploma/avr/imt_sdk_win_64/imt_sdk_win_64/winavr/lib/gcc/../../avr/include/util/delay.h:90:3: warning: #warning "Compiler optimizations disabled; functions from <util/delay.h> won't work as designed"
../main.c:13: warning: return type of 'main' is not 'int'
Finished building: ../main.c
 
Building target: 7segBirth.elf
Invoking: AVR C Linker
avr-gcc -Wl,-Map,7segBirth.map -mmcu=atmega32 -o "7segBirth.elf"  ./main.o   
Finished building target: 7segBirth.elf
 
Invoking: AVR Create Extended Listing
avr-objdump -h -S 7segBirth.elf  >"7segBirth.lss"
Finished building: 7segBirth.lss
 
Create Flash image (ihex format)
avr-objcopy -R .eeprom -R .fuse -R .lock -R .signature -O ihex 7segBirth.elf  "7segBirth.hex"
Finished building: 7segBirth.hex
 
Invoking: Print Size
avr-size --format=avr --mcu=atmega32 7segBirth.elf
AVR Memory Usage
----------------
Device: atmega32

Program:    3518 bytes (10.7% Full)
(.text + .data + .bootloader)

Data:          8 bytes (0.4% Full)
(.data + .bss + .noinit)


Finished building: sizedummy
 
18:11:56 **** Incremental Build of configuration Debug for project 7segCount ****
make all 
Invoking: Print Size
avr-size --format=avr --mcu=atmega32 7segCount.elf
AVR Memory Usage
----------------
Device: atmega32

Program:    6076 bytes (18.5% Full)
(.text + .data + .bootloader)

Data:          8 bytes (0.4% Full)
(.data + .bss + .noinit)


Finished building: sizedummy
 
18:11:56 **** Incremental Build of configuration Debug for project firstProject ****
make all 
Invoking: Print Size
avr-size --format=avr --mcu=atmega32 firstProject.elf
AVR Memory Usage
----------------
Device: atmega32

Program:    3492 bytes (10.7% Full)
(.text + .data + .bootloader)

Data:          8 bytes (0.4% Full)
(.data + .bss + .noinit)


Finished building: sizedummy
 
18:11:56 **** Incremental Build of configuration Debug for project ledAnimation ****
make all 
Invoking: Print Size
avr-size --format=avr --mcu=atmega32 ledAnimation.elf
AVR Memory Usage
----------------
Device: atmega32

Program:    5710 bytes (17.4% Full)
(.text + .data + .bootloader)

Data:          8 bytes (0.4% Full)
(.data + .bss + .noinit)


Finished building: sizedummy
 
18:22:14 **** Incremental Build of configuration Debug for project 7segBirth ****
make all 
Building file: ../main.c
Invoking: AVR Compiler
avr-gcc -Wall -g2 -gstabs -O0 -fpack-struct -fshort-enums -ffunction-sections -fdata-sections -std=gnu99 -funsigned-char -funsigned-bitfields -mmcu=atmega32 -DF_CPU=8000000UL -MMD -MP -MF"main.d" -MT"main.o" -c -o "main.o" "../main.c"
../main.c:8:1: warning: "F_CPU" redefined
<command-line>: warning: this is the location of the previous definition
In file included from ../main.c:11:
d:/courses/parallel deploma/avr/imt_sdk_win_64/imt_sdk_win_64/winavr/lib/gcc/../../avr/include/util/delay.h:90:3: warning: #warning "Compiler optimizations disabled; functions from <util/delay.h> won't work as designed"
../main.c:13: warning: return type of 'main' is not 'int'
Finished building: ../main.c
 
Building target: 7segBirth.elf
Invoking: AVR C Linker
avr-gcc -Wl,-Map,7segBirth.map -mmcu=atmega32 -o "7segBirth.elf"  ./main.o   
Finished building target: 7segBirth.elf
 
Invoking: AVR Create Extended Listing
avr-objdump -h -S 7segBirth.elf  >"7segBirth.lss"
Finished building: 7segBirth.lss
 
Create Flash image (ihex format)
avr-objcopy -R .eeprom -R .fuse -R .lock -R .signature -O ihex 7segBirth.elf  "7segBirth.hex"
Finished building: 7segBirth.hex
 
Invoking: Print Size
avr-size --format=avr --mcu=atmega32 7segBirth.elf
AVR Memory Usage
----------------
Device: atmega32

Program:    3518 bytes (10.7% Full)
(.text + .data + .bootloader)

Data:          8 bytes (0.4% Full)
(.data + .bss + .noinit)


Finished building: sizedummy
 
18:22:15 **** Incremental Build of configuration Debug for project 7segCount ****
make all 
Invoking: Print Size
avr-size --format=avr --mcu=atmega32 7segCount.elf
AVR Memory Usage
----------------
Device: atmega32

Program:    6076 bytes (18.5% Full)
(.text + .data + .bootloader)

Data:          8 bytes (0.4% Full)
(.data + .bss + .noinit)


Finished building: sizedummy
 
18:22:15 **** Incremental Build of configuration Debug for project firstProject ****
make all 
Invoking: Print Size
avr-size --format=avr --mcu=atmega32 firstProject.elf
AVR Memory Usage
----------------
Device: atmega32

Program:    3492 bytes (10.7% Full)
(.text + .data + .bootloader)

Data:          8 bytes (0.4% Full)
(.data + .bss + .noinit)


Finished building: sizedummy
 
18:22:16 **** Incremental Build of configuration Debug for project ledAnimation ****
make all 
Invoking: Print Size
avr-size --format=avr --mcu=atmega32 ledAnimation.elf
AVR Memory Usage
----------------
Device: atmega32

Program:    5710 bytes (17.4% Full)
(.text + .data + .bootloader)

Data:          8 bytes (0.4% Full)
(.data + .bss + .noinit)


Finished building: sizedummy
 
18:25:15 **** Incremental Build of configuration Debug for project 7segBirth ****
make all 
Building file: ../main.c
Invoking: AVR Compiler
avr-gcc -Wall -g2 -gstabs -O0 -fpack-struct -fshort-enums -ffunction-sections -fdata-sections -std=gnu99 -funsigned-char -funsigned-bitfields -mmcu=atmega32 -DF_CPU=8000000UL -MMD -MP -MF"main.d" -MT"main.o" -c -o "main.o" "../main.c"
../main.c:8:1: warning: "F_CPU" redefined
<command-line>: warning: this is the location of the previous definition
In file included from ../main.c:11:
d:/courses/parallel deploma/avr/imt_sdk_win_64/imt_sdk_win_64/winavr/lib/gcc/../../avr/include/util/delay.h:90:3: warning: #warning "Compiler optimizations disabled; functions from <util/delay.h> won't work as designed"
../main.c:13: warning: return type of 'main' is not 'int'
Finished building: ../main.c
 
Building target: 7segBirth.elf
Invoking: AVR C Linker
avr-gcc -Wl,-Map,7segBirth.map -mmcu=atmega32 -o "7segBirth.elf"  ./main.o   
Finished building target: 7segBirth.elf
 
Invoking: AVR Create Extended Listing
avr-objdump -h -S 7segBirth.elf  >"7segBirth.lss"
Finished building: 7segBirth.lss
 
Create Flash image (ihex format)
avr-objcopy -R .eeprom -R .fuse -R .lock -R .signature -O ihex 7segBirth.elf  "7segBirth.hex"
Finished building: 7segBirth.hex
 
Invoking: Print Size
avr-size --format=avr --mcu=atmega32 7segBirth.elf
AVR Memory Usage
----------------
Device: atmega32

Program:    3494 bytes (10.7% Full)
(.text + .data + .bootloader)

Data:          8 bytes (0.4% Full)
(.data + .bss + .noinit)


Finished building: sizedummy
 
18:25:17 **** Incremental Build of configuration Debug for project 7segCount ****
make all 
Invoking: Print Size
avr-size --format=avr --mcu=atmega32 7segCount.elf
AVR Memory Usage
----------------
Device: atmega32

Program:    6076 bytes (18.5% Full)
(.text + .data + .bootloader)

Data:          8 bytes (0.4% Full)
(.data + .bss + .noinit)


Finished building: sizedummy
 
18:25:17 **** Incremental Build of configuration Debug for project firstProject ****
make all 
Invoking: Print Size
avr-size --format=avr --mcu=atmega32 firstProject.elf
AVR Memory Usage
----------------
Device: atmega32

Program:    3492 bytes (10.7% Full)
(.text + .data + .bootloader)

Data:          8 bytes (0.4% Full)
(.data + .bss + .noinit)


Finished building: sizedummy
 
18:25:17 **** Incremental Build of configuration Debug for project ledAnimation ****
make all 
Invoking: Print Size
avr-size --format=avr --mcu=atmega32 ledAnimation.elf
AVR Memory Usage
----------------
Device: atmega32

Program:    5710 bytes (17.4% Full)
(.text + .data + .bootloader)

Data:          8 bytes (0.4% Full)
(.data + .bss + .noinit)


Finished building: sizedummy
 
18:29:32 **** Incremental Build of configuration Debug for project 7segBirth ****
make all 
Building file: ../main.c
Invoking: AVR Compiler
avr-gcc -Wall -g2 -gstabs -O0 -fpack-struct -fshort-enums -ffunction-sections -fdata-sections -std=gnu99 -funsigned-char -funsigned-bitfields -mmcu=atmega32 -DF_CPU=8000000UL -MMD -MP -MF"main.d" -MT"main.o" -c -o "main.o" "../main.c"
../main.c:8:1: warning: "F_CPU" redefined
<command-line>: warning: this is the location of the previous definition
In file included from ../main.c:11:
d:/courses/parallel deploma/avr/imt_sdk_win_64/imt_sdk_win_64/winavr/lib/gcc/../../avr/include/util/delay.h:90:3: warning: #warning "Compiler optimizations disabled; functions from <util/delay.h> won't work as designed"
../main.c:13: warning: return type of 'main' is not 'int'
Finished building: ../main.c
 
Building target: 7segBirth.elf
Invoking: AVR C Linker
avr-gcc -Wl,-Map,7segBirth.map -mmcu=atmega32 -o "7segBirth.elf"  ./main.o   
Finished building target: 7segBirth.elf
 
Invoking: AVR Create Extended Listing
avr-objdump -h -S 7segBirth.elf  >"7segBirth.lss"
Finished building: 7segBirth.lss
 
Create Flash image (ihex format)
avr-objcopy -R .eeprom -R .fuse -R .lock -R .signature -O ihex 7segBirth.elf  "7segBirth.hex"
Finished building: 7segBirth.hex
 
Invoking: Print Size
avr-size --format=avr --mcu=atmega32 7segBirth.elf
AVR Memory Usage
----------------
Device: atmega32

Program:    3518 bytes (10.7% Full)
(.text + .data + .bootloader)

Data:          8 bytes (0.4% Full)
(.data + .bss + .noinit)


Finished building: sizedummy
 
18:29:33 **** Incremental Build of configuration Debug for project 7segCount ****
make all 
Invoking: Print Size
avr-size --format=avr --mcu=atmega32 7segCount.elf
AVR Memory Usage
----------------
Device: atmega32

Program:    6076 bytes (18.5% Full)
(.text + .data + .bootloader)

Data:          8 bytes (0.4% Full)
(.data + .bss + .noinit)


Finished building: sizedummy
 
18:29:33 **** Incremental Build of configuration Debug for project firstProject ****
make all 
Invoking: Print Size
avr-size --format=avr --mcu=atmega32 firstProject.elf
AVR Memory Usage
----------------
Device: atmega32

Program:    3492 bytes (10.7% Full)
(.text + .data + .bootloader)

Data:          8 bytes (0.4% Full)
(.data + .bss + .noinit)


Finished building: sizedummy
 
18:29:33 **** Incremental Build of configuration Debug for project ledAnimation ****
make all 
Invoking: Print Size
avr-size --format=avr --mcu=atmega32 ledAnimation.elf
AVR Memory Usage
----------------
Device: atmega32

Program:    5710 bytes (17.4% Full)
(.text + .data + .bootloader)

Data:          8 bytes (0.4% Full)
(.data + .bss + .noinit)


Finished building: sizedummy
 
18:29:48 **** Incremental Build of configuration Debug for project 7segBirth ****
make all 
Building file: ../main.c
Invoking: AVR Compiler
avr-gcc -Wall -g2 -gstabs -O0 -fpack-struct -fshort-enums -ffunction-sections -fdata-sections -std=gnu99 -funsigned-char -funsigned-bitfields -mmcu=atmega32 -DF_CPU=8000000UL -MMD -MP -MF"main.d" -MT"main.o" -c -o "main.o" "../main.c"
../main.c:8:1: warning: "F_CPU" redefined
<command-line>: warning: this is the location of the previous definition
In file included from ../main.c:11:
d:/courses/parallel deploma/avr/imt_sdk_win_64/imt_sdk_win_64/winavr/lib/gcc/../../avr/include/util/delay.h:90:3: warning: #warning "Compiler optimizations disabled; functions from <util/delay.h> won't work as designed"
../main.c:13: warning: return type of 'main' is not 'int'
Finished building: ../main.c
 
Building target: 7segBirth.elf
Invoking: AVR C Linker
avr-gcc -Wl,-Map,7segBirth.map -mmcu=atmega32 -o "7segBirth.elf"  ./main.o   
Finished building target: 7segBirth.elf
 
Invoking: AVR Create Extended Listing
avr-objdump -h -S 7segBirth.elf  >"7segBirth.lss"
Finished building: 7segBirth.lss
 
Create Flash image (ihex format)
avr-objcopy -R .eeprom -R .fuse -R .lock -R .signature -O ihex 7segBirth.elf  "7segBirth.hex"
Finished building: 7segBirth.hex
 
Invoking: Print Size
avr-size --format=avr --mcu=atmega32 7segBirth.elf
AVR Memory Usage
----------------
Device: atmega32

Program:    3518 bytes (10.7% Full)
(.text + .data + .bootloader)

Data:          8 bytes (0.4% Full)
(.data + .bss + .noinit)


Finished building: sizedummy
 
18:29:49 **** Incremental Build of configuration Debug for project 7segCount ****
make all 
Invoking: Print Size
avr-size --format=avr --mcu=atmega32 7segCount.elf
AVR Memory Usage
----------------
Device: atmega32

Program:    6076 bytes (18.5% Full)
(.text + .data + .bootloader)

Data:          8 bytes (0.4% Full)
(.data + .bss + .noinit)


Finished building: sizedummy
 
18:29:49 **** Incremental Build of configuration Debug for project firstProject ****
make all 
Invoking: Print Size
avr-size --format=avr --mcu=atmega32 firstProject.elf
AVR Memory Usage
----------------
Device: atmega32

Program:    3492 bytes (10.7% Full)
(.text + .data + .bootloader)

Data:          8 bytes (0.4% Full)
(.data + .bss + .noinit)


Finished building: sizedummy
 
18:29:50 **** Incremental Build of configuration Debug for project ledAnimation ****
make all 
Invoking: Print Size
avr-size --format=avr --mcu=atmega32 ledAnimation.elf
AVR Memory Usage
----------------
Device: atmega32

Program:    5710 bytes (17.4% Full)
(.text + .data + .bootloader)

Data:          8 bytes (0.4% Full)
(.data + .bss + .noinit)


Finished building: sizedummy
 
18:39:48 **** Incremental Build of configuration Debug for project 7segBirth ****
make all 
Building file: ../main.c
Invoking: AVR Compiler
avr-gcc -Wall -g2 -gstabs -O0 -fpack-struct -fshort-enums -ffunction-sections -fdata-sections -std=gnu99 -funsigned-char -funsigned-bitfields -mmcu=atmega32 -DF_CPU=8000000UL -MMD -MP -MF"main.d" -MT"main.o" -c -o "main.o" "../main.c"
../main.c:8:1: warning: "F_CPU" redefined
<command-line>: warning: this is the location of the previous definition
In file included from ../main.c:11:
d:/courses/parallel deploma/avr/imt_sdk_win_64/imt_sdk_win_64/winavr/lib/gcc/../../avr/include/util/delay.h:90:3: warning: #warning "Compiler optimizations disabled; functions from <util/delay.h> won't work as designed"
../main.c:13: warning: return type of 'main' is not 'int'
Finished building: ../main.c
 
Building target: 7segBirth.elf
Invoking: AVR C Linker
avr-gcc -Wl,-Map,7segBirth.map -mmcu=atmega32 -o "7segBirth.elf"  ./main.o   
Finished building target: 7segBirth.elf
 
Invoking: AVR Create Extended Listing
avr-objdump -h -S 7segBirth.elf  >"7segBirth.lss"
Finished building: 7segBirth.lss
 
Create Flash image (ihex format)
avr-objcopy -R .eeprom -R .fuse -R .lock -R .signature -O ihex 7segBirth.elf  "7segBirth.hex"
Finished building: 7segBirth.hex
 
Invoking: Print Size
avr-size --format=avr --mcu=atmega32 7segBirth.elf
AVR Memory Usage
----------------
Device: atmega32

Program:    3518 bytes (10.7% Full)
(.text + .data + .bootloader)

Data:          8 bytes (0.4% Full)
(.data + .bss + .noinit)


Finished building: sizedummy
 
18:39:49 **** Incremental Build of configuration Debug for project 7segCount ****
make all 
Invoking: Print Size
avr-size --format=avr --mcu=atmega32 7segCount.elf
AVR Memory Usage
----------------
Device: atmega32

Program:    6076 bytes (18.5% Full)
(.text + .data + .bootloader)

Data:          8 bytes (0.4% Full)
(.data + .bss + .noinit)


Finished building: sizedummy
 
18:39:49 **** Incremental Build of configuration Debug for project firstProject ****
make all 
Invoking: Print Size
avr-size --format=avr --mcu=atmega32 firstProject.elf
AVR Memory Usage
----------------
Device: atmega32

Program:    3492 bytes (10.7% Full)
(.text + .data + .bootloader)

Data:          8 bytes (0.4% Full)
(.data + .bss + .noinit)


Finished building: sizedummy
 
18:39:49 **** Incremental Build of configuration Debug for project ledAnimation ****
make all 
Invoking: Print Size
avr-size --format=avr --mcu=atmega32 ledAnimation.elf
AVR Memory Usage
----------------
Device: atmega32

Program:    5710 bytes (17.4% Full)
(.text + .data + .bootloader)

Data:          8 bytes (0.4% Full)
(.data + .bss + .noinit)


Finished building: sizedummy
 
18:40:16 **** Incremental Build of configuration Debug for project 7segBirth ****
make all 
Building file: ../main.c
Invoking: AVR Compiler
avr-gcc -Wall -g2 -gstabs -O0 -fpack-struct -fshort-enums -ffunction-sections -fdata-sections -std=gnu99 -funsigned-char -funsigned-bitfields -mmcu=atmega32 -DF_CPU=8000000UL -MMD -MP -MF"main.d" -MT"main.o" -c -o "main.o" "../main.c"
../main.c:8:1: warning: "F_CPU" redefined
<command-line>: warning: this is the location of the previous definition
In file included from ../main.c:11:
d:/courses/parallel deploma/avr/imt_sdk_win_64/imt_sdk_win_64/winavr/lib/gcc/../../avr/include/util/delay.h:90:3: warning: #warning "Compiler optimizations disabled; functions from <util/delay.h> won't work as designed"
../main.c:13: warning: return type of 'main' is not 'int'
Finished building: ../main.c
 
Building target: 7segBirth.elf
Invoking: AVR C Linker
avr-gcc -Wl,-Map,7segBirth.map -mmcu=atmega32 -o "7segBirth.elf"  ./main.o   
Finished building target: 7segBirth.elf
 
Invoking: AVR Create Extended Listing
avr-objdump -h -S 7segBirth.elf  >"7segBirth.lss"
Finished building: 7segBirth.lss
 
Create Flash image (ihex format)
avr-objcopy -R .eeprom -R .fuse -R .lock -R .signature -O ihex 7segBirth.elf  "7segBirth.hex"
Finished building: 7segBirth.hex
 
Invoking: Print Size
avr-size --format=avr --mcu=atmega32 7segBirth.elf
AVR Memory Usage
----------------
Device: atmega32

Program:    3518 bytes (10.7% Full)
(.text + .data + .bootloader)

Data:          8 bytes (0.4% Full)
(.data + .bss + .noinit)


Finished building: sizedummy
 
18:40:17 **** Incremental Build of configuration Debug for project 7segCount ****
make all 
Invoking: Print Size
avr-size --format=avr --mcu=atmega32 7segCount.elf
AVR Memory Usage
----------------
Device: atmega32

Program:    6076 bytes (18.5% Full)
(.text + .data + .bootloader)

Data:          8 bytes (0.4% Full)
(.data + .bss + .noinit)


Finished building: sizedummy
 
18:40:17 **** Incremental Build of configuration Debug for project firstProject ****
make all 
Invoking: Print Size
avr-size --format=avr --mcu=atmega32 firstProject.elf
AVR Memory Usage
----------------
Device: atmega32

Program:    3492 bytes (10.7% Full)
(.text + .data + .bootloader)

Data:          8 bytes (0.4% Full)
(.data + .bss + .noinit)


Finished building: sizedummy
 
18:40:17 **** Incremental Build of configuration Debug for project ledAnimation ****
make all 
Invoking: Print Size
avr-size --format=avr --mcu=atmega32 ledAnimation.elf
AVR Memory Usage
----------------
Device: atmega32

Program:    5710 bytes (17.4% Full)
(.text + .data + .bootloader)

Data:          8 bytes (0.4% Full)
(.data + .bss + .noinit)


Finished building: sizedummy
 
18:44:10 **** Incremental Build of configuration Debug for project 7segBirth ****
make all 
Building file: ../main.c
Invoking: AVR Compiler
avr-gcc -Wall -g2 -gstabs -O0 -fpack-struct -fshort-enums -ffunction-sections -fdata-sections -std=gnu99 -funsigned-char -funsigned-bitfields -mmcu=atmega32 -DF_CPU=8000000UL -MMD -MP -MF"main.d" -MT"main.o" -c -o "main.o" "../main.c"
../main.c:8:1: warning: "F_CPU" redefined
<command-line>: warning: this is the location of the previous definition
In file included from ../main.c:11:
d:/courses/parallel deploma/avr/imt_sdk_win_64/imt_sdk_win_64/winavr/lib/gcc/../../avr/include/util/delay.h:90:3: warning: #warning "Compiler optimizations disabled; functions from <util/delay.h> won't work as designed"
../main.c:13: warning: return type of 'main' is not 'int'
Finished building: ../main.c
 
Building target: 7segBirth.elf
Invoking: AVR C Linker
avr-gcc -Wl,-Map,7segBirth.map -mmcu=atmega32 -o "7segBirth.elf"  ./main.o   
Finished building target: 7segBirth.elf
 
Invoking: AVR Create Extended Listing
avr-objdump -h -S 7segBirth.elf  >"7segBirth.lss"
Finished building: 7segBirth.lss
 
Create Flash image (ihex format)
avr-objcopy -R .eeprom -R .fuse -R .lock -R .signature -O ihex 7segBirth.elf  "7segBirth.hex"
Finished building: 7segBirth.hex
 
Invoking: Print Size
avr-size --format=avr --mcu=atmega32 7segBirth.elf
AVR Memory Usage
----------------
Device: atmega32

Program:    3518 bytes (10.7% Full)
(.text + .data + .bootloader)

Data:          8 bytes (0.4% Full)
(.data + .bss + .noinit)


Finished building: sizedummy
 
18:44:11 **** Incremental Build of configuration Debug for project 7segCount ****
make all 
Invoking: Print Size
avr-size --format=avr --mcu=atmega32 7segCount.elf
AVR Memory Usage
----------------
Device: atmega32

Program:    6076 bytes (18.5% Full)
(.text + .data + .bootloader)

Data:          8 bytes (0.4% Full)
(.data + .bss + .noinit)


Finished building: sizedummy
 
18:44:12 **** Incremental Build of configuration Debug for project firstProject ****
make all 
Invoking: Print Size
avr-size --format=avr --mcu=atmega32 firstProject.elf
AVR Memory Usage
----------------
Device: atmega32

Program:    3492 bytes (10.7% Full)
(.text + .data + .bootloader)

Data:          8 bytes (0.4% Full)
(.data + .bss + .noinit)


Finished building: sizedummy
 
18:44:12 **** Incremental Build of configuration Debug for project ledAnimation ****
make all 
Invoking: Print Size
avr-size --format=avr --mcu=atmega32 ledAnimation.elf
AVR Memory Usage
----------------
Device: atmega32

Program:    5710 bytes (17.4% Full)
(.text + .data + .bootloader)

Data:          8 bytes (0.4% Full)
(.data + .bss + .noinit)


Finished building: sizedummy
 
18:46:33 **** Incremental Build of configuration Debug for project 7segBirth ****
make all 
Building file: ../main.c
Invoking: AVR Compiler
avr-gcc -Wall -g2 -gstabs -O0 -fpack-struct -fshort-enums -ffunction-sections -fdata-sections -std=gnu99 -funsigned-char -funsigned-bitfields -mmcu=atmega32 -DF_CPU=8000000UL -MMD -MP -MF"main.d" -MT"main.o" -c -o "main.o" "../main.c"
../main.c:8:1: warning: "F_CPU" redefined
<command-line>: warning: this is the location of the previous definition
In file included from ../main.c:11:
d:/courses/parallel deploma/avr/imt_sdk_win_64/imt_sdk_win_64/winavr/lib/gcc/../../avr/include/util/delay.h:90:3: warning: #warning "Compiler optimizations disabled; functions from <util/delay.h> won't work as designed"
../main.c:13: warning: return type of 'main' is not 'int'
Finished building: ../main.c
 
Building target: 7segBirth.elf
Invoking: AVR C Linker
avr-gcc -Wl,-Map,7segBirth.map -mmcu=atmega32 -o "7segBirth.elf"  ./main.o   
Finished building target: 7segBirth.elf
 
Invoking: AVR Create Extended Listing
avr-objdump -h -S 7segBirth.elf  >"7segBirth.lss"
Finished building: 7segBirth.lss
 
Create Flash image (ihex format)
avr-objcopy -R .eeprom -R .fuse -R .lock -R .signature -O ihex 7segBirth.elf  "7segBirth.hex"
Finished building: 7segBirth.hex
 
Invoking: Print Size
avr-size --format=avr --mcu=atmega32 7segBirth.elf
AVR Memory Usage
----------------
Device: atmega32

Program:    3518 bytes (10.7% Full)
(.text + .data + .bootloader)

Data:          8 bytes (0.4% Full)
(.data + .bss + .noinit)


Finished building: sizedummy
 
18:46:34 **** Incremental Build of configuration Debug for project 7segCount ****
make all 
Invoking: Print Size
avr-size --format=avr --mcu=atmega32 7segCount.elf
AVR Memory Usage
----------------
Device: atmega32

Program:    6076 bytes (18.5% Full)
(.text + .data + .bootloader)

Data:          8 bytes (0.4% Full)
(.data + .bss + .noinit)


Finished building: sizedummy
 
18:46:35 **** Incremental Build of configuration Debug for project firstProject ****
make all 
Invoking: Print Size
avr-size --format=avr --mcu=atmega32 firstProject.elf
AVR Memory Usage
----------------
Device: atmega32

Program:    3492 bytes (10.7% Full)
(.text + .data + .bootloader)

Data:          8 bytes (0.4% Full)
(.data + .bss + .noinit)


Finished building: sizedummy
 
18:46:35 **** Incremental Build of configuration Debug for project ledAnimation ****
make all 
Invoking: Print Size
avr-size --format=avr --mcu=atmega32 ledAnimation.elf
AVR Memory Usage
----------------
Device: atmega32

Program:    5710 bytes (17.4% Full)
(.text + .data + .bootloader)

Data:          8 bytes (0.4% Full)
(.data + .bss + .noinit)


Finished building: sizedummy
 
