14:51:07 **** Incremental Build of configuration Debug for project keypad ****
make all 
Building file: ../main.c
Invoking: AVR Compiler
avr-gcc -Wall -g2 -gstabs -O0 -fpack-struct -fshort-enums -ffunction-sections -fdata-sections -std=gnu99 -funsigned-char -funsigned-bitfields -mmcu=atmega32 -DF_CPU=8000000UL -MMD -MP -MF"main.d" -MT"main.o" -c -o "main.o" "../main.c"
In file included from ../main.c:8:
d:/courses/parallel deploma/avr/imt_sdk_win_64/imt_sdk_win_64/winavr/lib/gcc/../../avr/include/util/delay.h:90:3: warning: #warning "Compiler optimizations disabled; functions from <util/delay.h> won't work as designed"
../main.c: In function 'HKEYPAD_u8_GetPressed_Key':
../main.c:80: warning: control reaches end of non-void function
../main.c: At top level:
../main.c:84: warning: return type of 'main' is not 'int'
Finished building: ../main.c
 
Building target: keypad.elf
Invoking: AVR C Linker
avr-gcc -Wl,-Map,keypad.map -mmcu=atmega32 -o "keypad.elf"  ./main.o   
Finished building target: keypad.elf
 
Invoking: AVR Create Extended Listing
avr-objdump -h -S keypad.elf  >"keypad.lss"
Finished building: keypad.lss
 
Create Flash image (ihex format)
avr-objcopy -R .eeprom -R .fuse -R .lock -R .signature -O ihex keypad.elf  "keypad.hex"
Finished building: keypad.hex
 
Invoking: Print Size
avr-size --format=avr --mcu=atmega32 keypad.elf
AVR Memory Usage
----------------
Device: atmega32

Program:    3756 bytes (11.5% Full)
(.text + .data + .bootloader)

Data:         24 bytes (1.2% Full)
(.data + .bss + .noinit)


Finished building: sizedummy
 

14:51:08 Build Finished (took 1s.2ms)

