16:17:41 **** Incremental Build of configuration Debug for project LCD_with_KEYPAD ****
make all 
Building file: ../main.c
Invoking: AVR Compiler
avr-gcc -Wall -g2 -gstabs -O0 -fpack-struct -fshort-enums -ffunction-sections -fdata-sections -std=gnu99 -funsigned-char -funsigned-bitfields -mmcu=atmega32 -DF_CPU=8000000UL -MMD -MP -MF"main.d" -MT"main.o" -c -o "main.o" "../main.c"
In file included from ../main.c:24:
d:/courses/parallel deploma/avr/imt_sdk_win_64/imt_sdk_win_64/winavr/lib/gcc/../../avr/include/util/delay.h:90:3: warning: #warning "Compiler optimizations disabled; functions from <util/delay.h> won't work as designed"
../main.c:28: warning: return type of 'main' is not 'int'
Finished building: ../main.c
 
Building target: LCD_with_KEYPAD.elf
Invoking: AVR C Linker
avr-gcc -Wl,-Map,LCD_with_KEYPAD.map -mmcu=atmega32 -o "LCD_with_KEYPAD.elf"  ./DIO_Program.o ./KEYPAD_Program.o ./LCD_Program.o ./main.o   
Finished building target: LCD_with_KEYPAD.elf
 
Invoking: AVR Create Extended Listing
avr-objdump -h -S LCD_with_KEYPAD.elf  >"LCD_with_KEYPAD.lss"
Finished building: LCD_with_KEYPAD.lss
 
Create Flash image (ihex format)
avr-objcopy -R .eeprom -R .fuse -R .lock -R .signature -O ihex LCD_with_KEYPAD.elf  "LCD_with_KEYPAD.hex"
Finished building: LCD_with_KEYPAD.hex
 
Invoking: Print Size
avr-size --format=avr --mcu=atmega32 LCD_with_KEYPAD.elf
AVR Memory Usage
----------------
Device: atmega32

Program:    9298 bytes (28.4% Full)
(.text + .data + .bootloader)

Data:         64 bytes (3.1% Full)
(.data + .bss + .noinit)


Finished building: sizedummy
 

16:17:42 Build Finished (took 798ms)

