08:20:38 **** Incremental Build of configuration Debug for project readInput ****
make all 
Building file: ../main.c
Invoking: AVR Compiler
avr-gcc -Wall -g2 -gstabs -O0 -fpack-struct -fshort-enums -ffunction-sections -fdata-sections -std=gnu99 -funsigned-char -funsigned-bitfields -mmcu=atmega32 -DF_CPU=8000000UL -MMD -MP -MF"main.d" -MT"main.o" -c -o "main.o" "../main.c"
In file included from ../main.c:9:
d:/courses/parallel deploma/avr/imt_sdk_win_64/imt_sdk_win_64/winavr/lib/gcc/../../avr/include/util/delay.h:90:3: warning: #warning "Compiler optimizations disabled; functions from <util/delay.h> won't work as designed"
../main.c:18: warning: return type of 'main' is not 'int'
Finished building: ../main.c
 
Building target: readInput.elf
Invoking: AVR C Linker
avr-gcc -Wl,-Map,readInput.map -mmcu=atmega32 -o "readInput.elf"  ./main.o   
Finished building target: readInput.elf
 
Invoking: AVR Create Extended Listing
avr-objdump -h -S readInput.elf  >"readInput.lss"
Finished building: readInput.lss
 
Create Flash image (ihex format)
avr-objcopy -R .eeprom -R .fuse -R .lock -R .signature -O ihex readInput.elf  "readInput.hex"
Finished building: readInput.hex
 
Invoking: Print Size
avr-size --format=avr --mcu=atmega32 readInput.elf
AVR Memory Usage
----------------
Device: atmega32

Program:     190 bytes (0.6% Full)
(.text + .data + .bootloader)

Data:          0 bytes (0.0% Full)
(.data + .bss + .noinit)


Finished building: sizedummy
 

08:20:38 Build Finished (took 731ms)

